<?xml version="1.0" encoding="UTF-8"?>
<testsuite name="client.test.ClientServiceTest" tests="1" skipped="0" failures="0" errors="0" timestamp="2022-10-25T11:54:41" hostname="LAB208W-13" time="0.012">
  <properties/>
  <testcase name="shouldReturnTheSameInactiveClientOnDisable" classname="client.test.ClientServiceTest" time="0.012"/>
  <system-out><![CDATA[]]></system-out>
  <system-err><![CDATA[]]></system-err>
</testsuite>
